<?xml version="1.0" encoding="UTF-8"?>
<!-- Generated by org.testng.reporters.JUnitReportReporter -->
<testsuite skipped="0" hostname="DESKTOP-6AT53SA" name="tests.SaveAccountData" tests="2" failures="0" timestamp="19 Jan 2020 18:18:16 GMT" time="15.092" errors="0">
  <testcase name="loginSucceed" time="7.079" classname="tests.SaveAccountData"/>
  <testcase name="saveAcounData" time="8.013" classname="tests.SaveAccountData"/>
</testsuite> <!-- tests.SaveAccountData -->
