<?xml version="1.0" encoding="UTF-8"?>
<!-- Generated by org.testng.reporters.JUnitReportReporter -->
<testsuite skipped="0" hostname="DESKTOP-6AT53SA" name="tests.SaveAccountData" tests="2" failures="0" timestamp="12 Feb 2020 18:39:34 GMT" time="13.083" errors="0">
  <testcase name="saveAcounData" time="7.225" classname="tests.SaveAccountData"/>
  <testcase name="loginSucceed" time="5.858" classname="tests.SaveAccountData"/>
</testsuite> <!-- tests.SaveAccountData -->
