<?xml version="1.0" encoding="UTF-8"?>
<!-- Generated by org.testng.reporters.JUnitReportReporter -->
<testsuite skipped="0" hostname="DESKTOP-6AT53SA" name="tests.ForgotPasswordTest" tests="1" failures="0" timestamp="12 Feb 2020 18:39:34 GMT" time="4.376" errors="0">
  <testcase name="enterForgotPass" time="4.376" classname="tests.ForgotPasswordTest"/>
</testsuite> <!-- tests.ForgotPasswordTest -->
